This is pdfTeX, Version 3.1415926-2.3-1.40.12 (MiKTeX 2.9) (preloaded format=pdftex 2016.11.6)  7 JAN 2017 14:57
entering extended mode
**C:/Users/shivashankar/Downloads/sig-proceedings-template-may2015-zip/SIG*Proc
eedings*Template-Jan2015*Zip/WWW.bib

("C:/Users/shivashankar/Downloads/sig-proceedings-template-may2015-zip/SIG Proc
eedings Template-Jan2015 Zip/WWW.bib"
Overfull \hbox (14.60722pt too wide) in paragraph at lines 24--44
\tenrm book-ti-tle = Work-shop on Linked En-ti-ties, ISWC, year = 2012  @in-pro
-ceed-ingsElkan:2008:LCO:1401890.1401920,|

\hbox(6.94444+1.94444)x469.75499, glue set - 1.0
.\tenrm b
.\kern0.27779
.\tenrm o
.\kern0.27779
.\tenrm o
.etc.

)
*
! Emergency stop.
<*> ...IG*Proceedings*Template-Jan2015*Zip/WWW.bib
                                                  
End of file on the terminal!

!  ==> Fatal error occurred, no output PDF file produced!
