This is pdfTeX, Version 3.1415926-2.3-1.40.12 (MiKTeX 2.9) (preloaded format=pdflatex 2016.10.30)  9 JAN 2017 20:47
entering extended mode
**C:/Users/shivashankar/Downloads/sig-proceedings-template-may2015-zip/SIG*Proc
eedings*Template-Jan2015*Zip/WWW2017.tex

("C:/Users/shivashankar/Downloads/sig-proceedings-template-may2015-zip/SIG Proc
eedings Template-Jan2015 Zip/WWW2017.tex"
LaTeX2e <2011/06/27>
Babel <v3.8m> and hyphenation patterns for english, afrikaans, ancientgreek, ar
abic, armenian, assamese, basque, bengali, bokmal, bulgarian, catalan, coptic, 
croatian, czech, danish, dutch, esperanto, estonian, farsi, finnish, french, ga
lician, german, german-x-2009-06-19, greek, gujarati, hindi, hungarian, iceland
ic, indonesian, interlingua, irish, italian, kannada, kurmanji, lao, latin, lat
vian, lithuanian, malayalam, marathi, mongolian, mongolianlmc, monogreek, ngerm
an, ngerman-x-2009-06-19, nynorsk, oriya, panjabi, pinyin, polish, portuguese, 
romanian, russian, sanskrit, serbian, slovak, slovenian, spanish, swedish, swis
sgerman, tamil, telugu, turkish, turkmen, ukenglish, ukrainian, uppersorbian, u
senglishmax, welsh, loaded.

("C:\Users\shivashankar\Downloads\sig-proceedings-template-may2015-zip\SIG Proc
eedings Template-Jan2015 Zip\sig-alternate-05-2015.cls"
("C:\Program Files (x86)\MiKTeX 2.9\tex\latex\graphics\epsfig.sty"
Package: epsfig 1999/02/16 v1.7a (e)psfig emulation (SPQR)

("C:\Program Files (x86)\MiKTeX 2.9\tex\latex\graphics\graphicx.sty"
Package: graphicx 1999/02/16 v1.0f Enhanced LaTeX Graphics (DPC,SPQR)

("C:\Program Files (x86)\MiKTeX 2.9\tex\latex\graphics\keyval.sty"
Package: keyval 1999/03/16 v1.13 key=value parser (DPC)
\KV@toks@=\toks14
)
("C:\Program Files (x86)\MiKTeX 2.9\tex\latex\graphics\graphics.sty"
Package: graphics 2009/02/05 v1.0o Standard LaTeX Graphics (DPC,SPQR)

("C:\Program Files (x86)\MiKTeX 2.9\tex\latex\graphics\trig.sty"
Package: trig 1999/03/16 v1.09 sin cos tan (DPC)
)
("C:\Program Files (x86)\MiKTeX 2.9\tex\latex\00miktex\graphics.cfg"
File: graphics.cfg 2007/01/18 v1.5 graphics configuration of teTeX/TeXLive
)
Package graphics Info: Driver file: pdftex.def on input line 91.

("C:\Program Files (x86)\MiKTeX 2.9\tex\latex\pdftex-def\pdftex.def"
File: pdftex.def 2011/05/27 v0.06d Graphics/color for pdfTeX

("C:\Program Files (x86)\MiKTeX 2.9\tex\generic\oberdiek\infwarerr.sty"
Package: infwarerr 2010/04/08 v1.3 Providing info/warning/message (HO)
)
("C:\Program Files (x86)\MiKTeX 2.9\tex\generic\oberdiek\ltxcmds.sty"
Package: ltxcmds 2011/04/18 v1.20 LaTeX kernel commands for general use (HO)
)
\Gread@gobject=\count79
))
\Gin@req@height=\dimen102
\Gin@req@width=\dimen103
)
\epsfxsize=\dimen104
\epsfysize=\dimen105
)
("C:\Program Files (x86)\MiKTeX 2.9\tex\latex\amsfonts\amssymb.sty"
Package: amssymb 2009/06/22 v3.00

("C:\Program Files (x86)\MiKTeX 2.9\tex\latex\amsfonts\amsfonts.sty"
Package: amsfonts 2009/06/22 v3.00 Basic AMSFonts support
\@emptytoks=\toks15
\symAMSa=\mathgroup4
\symAMSb=\mathgroup5
LaTeX Font Info:    Overwriting math alphabet `\mathfrak' in version `bold'
(Font)                  U/euf/m/n --> U/euf/b/n on input line 96.
))
("C:\Program Files (x86)\MiKTeX 2.9\tex\latex\ams\math\amsmath.sty"
Package: amsmath 2000/07/18 v2.13 AMS math features
\@mathmargin=\skip41

For additional information on amsmath, use the `?' option.
("C:\Program Files (x86)\MiKTeX 2.9\tex\latex\ams\math\amstext.sty"
Package: amstext 2000/06/29 v2.01

("C:\Program Files (x86)\MiKTeX 2.9\tex\latex\ams\math\amsgen.sty"
File: amsgen.sty 1999/11/30 v2.0
\@emptytoks=\toks16
\ex@=\dimen106
))
("C:\Program Files (x86)\MiKTeX 2.9\tex\latex\ams\math\amsbsy.sty"
Package: amsbsy 1999/11/29 v1.2d
\pmbraise@=\dimen107
)
("C:\Program Files (x86)\MiKTeX 2.9\tex\latex\ams\math\amsopn.sty"
Package: amsopn 1999/12/14 v2.01 operator names
)
\inf@bad=\count80
LaTeX Info: Redefining \frac on input line 211.
\uproot@=\count81
\leftroot@=\count82
LaTeX Info: Redefining \overline on input line 307.
\classnum@=\count83
\DOTSCASE@=\count84
LaTeX Info: Redefining \ldots on input line 379.
LaTeX Info: Redefining \dots on input line 382.
LaTeX Info: Redefining \cdots on input line 467.
\Mathstrutbox@=\box26
\strutbox@=\box27
\big@size=\dimen108
LaTeX Font Info:    Redeclaring font encoding OML on input line 567.
LaTeX Font Info:    Redeclaring font encoding OMS on input line 568.
\macc@depth=\count85
\c@MaxMatrixCols=\count86
\dotsspace@=\muskip10
\c@parentequation=\count87
\dspbrk@lvl=\count88
\tag@help=\toks17
\row@=\count89
\column@=\count90
\maxfields@=\count91
\andhelp@=\toks18
\eqnshift@=\dimen109
\alignsep@=\dimen110
\tagshift@=\dimen111
\tagwidth@=\dimen112
\totwidth@=\dimen113
\lineht@=\dimen114
\@envbody=\toks19
\multlinegap=\skip42
\multlinetaggap=\skip43
\mathdisplay@stack=\toks20
LaTeX Info: Redefining \[ on input line 2666.
LaTeX Info: Redefining \] on input line 2667.
)
Document Class 'sig-alternate' <9th June '13>. Modified by G.K.M. Tobin/Gerry M
urray/Boris Veytsman
Based in part upon document Style `acmconf' <22 May 89>. Hacked 4/91 by
shivers@cs.cmu.edu, 4/93 by theobald@cs.mcgill.ca
Excerpts were taken from (Journal Style) 'esub2acm.cls'.
****** Bugs/comments/suggestions/technicalities to Gerry Murray -- murray@hq.ac
m.org ******
Questions on the style, SIGS policies, etc. to Adrienne Griscti griscti@acm.org

\ACM@basesize=\count92

(C:\Users\shivashankar\AppData\Roaming\MiKTeX\2.9\tex\latex\comment\comment.sty
\CommentStream=\write3
Excluding comment 'comment') Excluding comment 'CCSXML'
\footheight=\dimen115
\@maxsep=\dimen116
\@dblmaxsep=\dimen117

("C:\Program Files (x86)\MiKTeX 2.9\tex\generic\oberdiek\ifpdf.sty"
Package: ifpdf 2011/01/30 v2.3 Provides the ifpdf switch (HO)
Package ifpdf Info: pdfTeX in PDF mode is detected.
)
\aucount=\count93
\originalaucount=\count94
\auwidth=\dimen118
\auskip=\dimen119
\auskipcount=\count95
\auskip=\dimen120
\allauboxes=\dimen121
\addauthors=\toks21
\addauflag=\count96
\subtitletext=\toks22
\savesection=\count97
\sectioncntr=\count98
\c@figure=\count99
\c@table=\count100
\titleboxnotes=\toks23
\titleboxnoteflag=\count101


LaTeX Warning: You have requested document class `sig-alternate-05-2015',
               but the document class provides `sig-alternate'.

Document Class: sig-alternate 2013/05/12 v2.7 based on acmproc.cls V1.3 <Nov. 3
0 '99>
("C:\Program Files (x86)\MiKTeX 2.9\tex\latex\base\latexsym.sty"
Package: latexsym 1998/08/17 v2.2e Standard LaTeX package (lasy symbols)
\symlasy=\mathgroup6
LaTeX Font Info:    Overwriting symbol font `lasy' in version `bold'
(Font)                  U/lasy/m/n --> U/lasy/b/n on input line 47.
)
\@acmtitlebox=\box28
\titlenotecount=\count102
\tntoks=\toks24
\tntokstwo=\toks25
\tntoksthree=\toks26
\tntoksfour=\toks27
\tntoksfive=\toks28
\catcount=\count103
\copyrightnotice=\toks29
\conf=\toks30
\confinfo=\toks31
\c@part=\count104
\c@section=\count105
\c@subsection=\count106
\c@subsubsection=\count107
\c@paragraph=\count108

Using 'Abbrev' bibliography style
LaTeX Info: Redefining \cite on input line 1408.
\bibindent=\dimen122
\colcntr=\count109
\saveb@x=\box29
\copyrtyr=\toks32
\acmcopyr=\toks33
\boilerplate=\toks34
("C:\Program Files (x86)\MiKTeX 2.9\tex\latex\ltxmisc\url.sty"
\Urlmuskip=\muskip11
Package: url 2006/04/12  ver 3.3  Verb mode for urls, etc.
)
("C:\Users\shivashankar\Downloads\sig-proceedings-template-may2015-zip\SIG Proc
eedings Template-Jan2015 Zip\acmcopyright.sty"
Package: acmcopyright 2014/06/29 v1.2 Copyright statemens for ACM classes

("C:\Program Files (x86)\MiKTeX 2.9\tex\latex\xkeyval\xkeyval.sty"
Package: xkeyval 2008/08/13 v2.6a package option processing (HA)

("C:\Program Files (x86)\MiKTeX 2.9\tex\generic\xkeyval\xkeyval.tex"
\XKV@toks=\toks35
\XKV@tempa@toks=\toks36
\XKV@depth=\count110
File: xkeyval.tex 2008/08/13 v2.6a key=value parser (HA)
)))
\copyrightetc=\toks37

("C:\Program Files (x86)\MiKTeX 2.9\tex\latex\base\fontenc.sty"
Package: fontenc 2005/09/27 v1.99g Standard LaTeX package

("C:\Program Files (x86)\MiKTeX 2.9\tex\latex\base\t1enc.def"
File: t1enc.def 2005/09/27 v1.99g Standard LaTeX file
LaTeX Font Info:    Redeclaring font encoding T1 on input line 43.
)
LaTeX Font Info:    Try loading font information for T1+aer on input line 100.

("C:\Program Files (x86)\MiKTeX 2.9\tex\latex\ae\t1aer.fd"
File: t1aer.fd 1997/11/16 Font definitions for T1/aer.
)))
(C:\Users\shivashankar\AppData\Roaming\MiKTeX\2.9\tex\latex\floatrow\floatrow.s
ty
Package: floatrow 2008/08/02 v0.3b floatrow: float package extension

(C:\Users\shivashankar\AppData\Roaming\MiKTeX\2.9\tex\latex\caption\caption3.st
y
Package: caption3 2016/05/22 v1.7-166 caption3 kernel (AR)
Package caption3 Info: TeX engine: e-TeX on input line 67.
\captionmargin=\dimen123
\captionmargin@=\dimen124
\captionwidth=\dimen125
\caption@tempdima=\dimen126
\caption@indent=\dimen127
\caption@parindent=\dimen128
\caption@hangindent=\dimen129
\abovecaptionskip=\skip44
\belowcaptionskip=\skip45
Package caption Info: Unknown document class (or package),
(caption)             standard defaults will be used.
)
\c@float@type=\count111
\float@exts=\toks38
\float@box=\box30
\@floatcapt=\box31
Package floatrow Info: Modified float package code loaded on input line 455.
Package floatrow Info: Modified rotfloat package code loaded on input line 473.

\FR@everyfloat=\toks39
\flrow@foot=\insert233
\FB@wd=\dimen130
\FBo@wd=\dimen131
\FBc@wd=\dimen132
\FBo@ht=\skip46
\FBc@ht=\skip47
\FBf@ht=\skip48
\FBo@max=\skip49
\FBc@max=\skip50
\FBf@max=\skip51
\c@FBl@b=\count112
\floatbox@depth=\count113
\c@FRobj=\count114
\c@FRsobj=\count115
\Xhsize=\skip52
\sXhsize=\skip53
\Zhsize=\skip54
\sZhsize=\skip55
\flrow@rowbox=\box32
\FR@Zunitlength=\dimen133
\c@FBcnt=\count116
\FPOScnt=\count117
\LTleft=\skip56
\LTright=\skip57
\LTleft=\skip58
\LTright=\skip59
\flrow@types=\toks40
)
("C:\Users\shivashankar\Downloads\sig-proceedings-template-may2015-zip\SIG Proc
eedings Template-Jan2015 Zip\WWW2017.aux")
LaTeX Font Info:    Checking defaults for OML/cmm/m/it on input line 53.
LaTeX Font Info:    ... okay on input line 53.
LaTeX Font Info:    Checking defaults for T1/cmr/m/n on input line 53.
LaTeX Font Info:    ... okay on input line 53.
LaTeX Font Info:    Checking defaults for OT1/cmr/m/n on input line 53.
LaTeX Font Info:    ... okay on input line 53.
LaTeX Font Info:    Checking defaults for OMS/cmsy/m/n on input line 53.
LaTeX Font Info:    ... okay on input line 53.
LaTeX Font Info:    Checking defaults for OMX/cmex/m/n on input line 53.
LaTeX Font Info:    ... okay on input line 53.
LaTeX Font Info:    Checking defaults for U/cmr/m/n on input line 53.
LaTeX Font Info:    ... okay on input line 53.

(C:\Users\shivashankar\AppData\Roaming\MiKTeX\2.9\tex\context\base\supp-pdf.mki
i
[Loading MPS to PDF converter (version 2006.09.02).]
\scratchcounter=\count118
\scratchdimen=\dimen134
\scratchbox=\box33
\nofMPsegments=\count119
\nofMParguments=\count120
\everyMPshowfont=\toks41
\MPscratchCnt=\count121
\MPscratchDim=\dimen135
\MPnumerator=\count122
\makeMPintoPDFobject=\count123
\everyMPtoPDFconversion=\toks42
)
Package caption Info: Begin \AtBeginDocument code.
Package caption Info: End \AtBeginDocument code.
 ("C:\Program Files (x86)\MiKTeX 2.9\tex\latex\graphics\color.sty"
Package: color 2005/11/14 v1.0j Standard LaTeX Color (DPC)

("C:\Program Files (x86)\MiKTeX 2.9\tex\latex\00miktex\color.cfg"
File: color.cfg 2007/01/18 v1.5 color configuration of teTeX/TeXLive
)
Package color Info: Driver file: pdftex.def on input line 130.
)
LaTeX Font Info:    Try loading font information for U+msa on input line 150.

("C:\Program Files (x86)\MiKTeX 2.9\tex\latex\amsfonts\umsa.fd"
File: umsa.fd 2009/06/22 v3.00 AMS symbols A
)
LaTeX Font Info:    Try loading font information for U+msb on input line 150.

("C:\Program Files (x86)\MiKTeX 2.9\tex\latex\amsfonts\umsb.fd"
File: umsb.fd 2009/06/22 v3.00 AMS symbols B
)
LaTeX Font Info:    Try loading font information for U+lasy on input line 150.

("C:\Program Files (x86)\MiKTeX 2.9\tex\latex\base\ulasy.fd"
File: ulasy.fd 1998/08/17 v2.2e LaTeX symbol font definitions
)
LaTeX Font Info:    Try loading font information for T1+ptm on input line 150.

("C:\Program Files (x86)\MiKTeX 2.9\tex\latex\psnfss\t1ptm.fd"
File: t1ptm.fd 2001/06/04 font definitions for T1/ptm.
)
LaTeX Font Info:    Try loading font information for OMS+ptm on input line 150.


("C:\Program Files (x86)\MiKTeX 2.9\tex\latex\psnfss\omsptm.fd"
File: omsptm.fd 
)
LaTeX Font Info:    Font shape `OMS/ptm/m/n' in size <7> not available
(Font)              Font shape `OMS/cmsy/m/n' tried instead on input line 150.

Excluding 'CCSXML' comment.
Overfull \hbox (3.0446pt too wide) in paragraph at lines 226--226
[][]\T1/aer/m/n/9 http://alta.asn.au/events/sharedtask2016/description.html| 
 []


Overfull \hbox (4.67792pt too wide) in paragraph at lines 226--229
$\T1/aer/m/n/9 com / topic / person / *$) and or-gan-i-sa-tion di-rec-to-ries (
e.g. $gtlaw .$
 []

[1{C:/Users/shivashankar/AppData/Local/MiKTeX/2.9/pdftex/config/pdftex.map}


]
Overfull \hbox (5.23152pt too wide) in paragraph at lines 292--293
\T1/aer/m/n/8 in $\OML/cmm/m/it/8 S[]$ \T1/aer/m/n/8 given by $\OML/cmm/m/it/8 
$ \T1/aer/m/n/8 (us-ing Platt scal-ing), $\OML/cmm/m/it/8 []$ \T1/aer/m/n/8 =
 $[] [][] \OML/cmm/m/it/8 p\OT1/cmr/m/n/8 (\OML/cmm/m/it/8 x[] \OT1/cmr/m/n/8 =
$
 []


("C:\Users\shivashankar\Downloads\sig-proceedings-template-may2015-zip\SIG Proc
eedings Template-Jan2015 Zip\WWW2017.bbl") [2]
("C:\Users\shivashankar\Downloads\sig-proceedings-template-may2015-zip\SIG Proc
eedings Template-Jan2015 Zip\WWW2017.aux") ) 
Here is how much of TeX's memory you used:
 4020 strings out of 494045
 55636 string characters out of 3145884
 127063 words of memory out of 3000000
 7223 multiletter control sequences out of 15000+200000
 56828 words of font info for 83 fonts, out of 3000000 for 9000
 715 hyphenation exceptions out of 8191
 54i,11n,92p,1750b,475s stack positions out of 5000i,500n,10000p,200000b,50000s
{C:/Program Files (x86)/MiKTeX 2.9/
fonts/enc/dvips/fontname/8r.enc}<C:/Program Files (x86)/MiKTeX 2.9/fonts/type1/
public/amsfonts/cm/cmbx8.pfb><C:/Program Files (x86)/MiKTeX 2.9/fonts/type1/pub
lic/amsfonts/cm/cmbx9.pfb><C:/Program Files (x86)/MiKTeX 2.9/fonts/type1/public
/amsfonts/cmextra/cmex8.pfb><C:/Program Files (x86)/MiKTeX 2.9/fonts/type1/publ
ic/amsfonts/cm/cmmi5.pfb><C:/Program Files (x86)/MiKTeX 2.9/fonts/type1/public/
amsfonts/cm/cmmi6.pfb><C:/Program Files (x86)/MiKTeX 2.9/fonts/type1/public/ams
fonts/cm/cmmi8.pfb><C:/Program Files (x86)/MiKTeX 2.9/fonts/type1/public/amsfon
ts/cm/cmmi9.pfb><C:/Program Files (x86)/MiKTeX 2.9/fonts/type1/public/amsfonts/
cm/cmr6.pfb><C:/Program Files (x86)/MiKTeX 2.9/fonts/type1/public/amsfonts/cm/c
mr8.pfb><C:/Program Files (x86)/MiKTeX 2.9/fonts/type1/public/amsfonts/cm/cmr9.
pfb><C:/Program Files (x86)/MiKTeX 2.9/fonts/type1/public/amsfonts/cm/cmsy6.pfb
><C:/Program Files (x86)/MiKTeX 2.9/fonts/type1/public/amsfonts/cm/cmsy7.pfb><C
:/Program Files (x86)/MiKTeX 2.9/fonts/type1/public/amsfonts/cm/cmsy8.pfb><C:/P
rogram Files (x86)/MiKTeX 2.9/fonts/type1/public/amsfonts/cm/cmsy9.pfb><C:/Prog
ram Files (x86)/MiKTeX 2.9/fonts/type1/public/amsfonts/cm/cmti9.pfb><C:/Program
 Files (x86)/MiKTeX 2.9/fonts/type1/urw/helvetic/uhvb8a.pfb><C:/Program Files (
x86)/MiKTeX 2.9/fonts/type1/urw/times/utmb8a.pfb><C:/Program Files (x86)/MiKTeX
 2.9/fonts/type1/urw/times/utmr8a.pfb>
Output written on WWW2017.pdf (2 pages, 224122 bytes).
PDF statistics:
 82 PDF objects out of 1000 (max. 8388607)
 0 named destinations out of 1000 (max. 500000)
 1 words of extra memory for PDF output out of 10000 (max. 10000000)

